#
# There is insufficient memory for the Java Runtime Environment to continue.
# Native memory allocation (mmap) failed to map 159383552 bytes for G1 virtual space
# Possible reasons:
#   The system is out of physical RAM or swap space
#   The process is running with CompressedOops enabled, and the Java Heap may be blocking the growth of the native heap
# Possible solutions:
#   Reduce memory load on the system
#   Increase physical memory or swap space
#   Check if swap backing store is full
#   Decrease Java heap size (-Xmx/-Xms)
#   Decrease number of Java threads
#   Decrease Java thread stack sizes (-Xss)
#   Set larger code cache with -XX:ReservedCodeCacheSize=
#   JVM is running with Zero Based Compressed Oops mode in which the Java heap is
#     placed in the first 32GB address space. The Java Heap base address is the
#     maximum limit for the native heap growth. Please use -XX:HeapBaseMinAddress
#     to set the Java Heap base and to place the Java Heap above 32GB virtual address.
# This output file may be truncated or incomplete.
#
#  Out of Memory Error (os_windows.cpp:3613), pid=27480, tid=13700
#
# JRE version: OpenJDK Runtime Environment Corretto-17.0.10.7.1 (17.0.10+7) (build 17.0.10+7-LTS)
# Java VM: OpenJDK 64-Bit Server VM Corretto-17.0.10.7.1 (17.0.10+7-LTS, mixed mode, emulated-client, sharing, tiered, compressed oops, compressed class ptrs, g1 gc, windows-amd64)
# No core dump will be written. Minidumps are not enabled by default on client versions of Windows
#

---------------  S U M M A R Y ------------

Command Line: -XX:TieredStopAtLevel=1 -Dspring.output.ansi.enabled=always -Dcom.sun.management.jmxremote -Dspring.jmx.enabled=true -Dspring.liveBeansView.mbeanDomain -Dspring.application.admin.enabled=true -Dmanagement.endpoints.jmx.exposure.include=* -javaagent:D:\JetBrains\IntelliJ IDEA 2023.2.2\lib\idea_rt.jar=64152:D:\JetBrains\IntelliJ IDEA 2023.2.2\bin -Dfile.encoding=UTF-8 org.esprit.student.StudentApplication

Host: Intel(R) Core(TM) i5-10500H CPU @ 2.50GHz, 12 cores, 23G,  Windows 11 , 64 bit Build 26100 (10.0.26100.3775)
Time: Wed Apr 16 17:51:12 2025 Paris, Madrid elapsed time: 6.011817 seconds (0d 0h 0m 6s)

---------------  T H R E A D  ---------------

Current thread (0x0000028c65d5d4b0):  VMThread "VM Thread" [stack: 0x000000a351800000,0x000000a351900000] [id=13700]

Stack: [0x000000a351800000,0x000000a351900000]
Native frames: (J=compiled Java code, j=interpreted, Vv=VM code, C=native code)
V  [jvm.dll+0x67d2c9]
V  [jvm.dll+0x834b1a]
V  [jvm.dll+0x8365de]
V  [jvm.dll+0x836c43]
V  [jvm.dll+0x2477ff]
V  [jvm.dll+0x67a109]
V  [jvm.dll+0x66eb7a]
V  [jvm.dll+0x30764b]
V  [jvm.dll+0x30eaf6]
V  [jvm.dll+0x35e83e]
V  [jvm.dll+0x35ea6f]
V  [jvm.dll+0x2de248]
V  [jvm.dll+0x2dc424]
V  [jvm.dll+0x2dba2c]
V  [jvm.dll+0x31faeb]
V  [jvm.dll+0x83b13b]
V  [jvm.dll+0x83be81]
V  [jvm.dll+0x83c39d]
V  [jvm.dll+0x83c774]
V  [jvm.dll+0x83c840]
V  [jvm.dll+0x7e3fda]
V  [jvm.dll+0x67c1b5]
C  [ucrtbase.dll+0x37b0]
C  [KERNEL32.DLL+0x2e8d7]
C  [ntdll.dll+0xb14fc]

VM_Operation (0x000000a3532fc240): G1CollectForAllocation, mode: safepoint, requested by thread 0x0000028c6ded9ec0


---------------  P R O C E S S  ---------------

Threads class SMR info:
_java_thread_list=0x0000028c6e5e8220, length=25, elements={
0x0000028c4c2c7550, 0x0000028c65d5ff70, 0x0000028c65d62b40, 0x0000028c65d73fa0,
0x0000028c65d74b60, 0x0000028c65d75520, 0x0000028c65d76ef0, 0x0000028c65d77960,
0x0000028c65d78360, 0x0000028c68975ef0, 0x0000028c688e0130, 0x0000028c688e0650,
0x0000028c6d4780c0, 0x0000028c6d4785a0, 0x0000028c6d55d450, 0x0000028c6ded73e0,
0x0000028c6ded9ec0, 0x0000028c6df81c30, 0x0000028c6df76570, 0x0000028c6df717b0,
0x0000028c6e33c050, 0x0000028c6f10c530, 0x0000028c6eb3cff0, 0x0000028c68a7e540,
0x0000028c6f16ad10
}

Java Threads: ( => current thread )
  0x0000028c4c2c7550 JavaThread "main" [_thread_blocked, id=18360, stack(0x000000a351200000,0x000000a351300000)]
  0x0000028c65d5ff70 JavaThread "Reference Handler" daemon [_thread_blocked, id=23500, stack(0x000000a351900000,0x000000a351a00000)]
  0x0000028c65d62b40 JavaThread "Finalizer" daemon [_thread_blocked, id=12348, stack(0x000000a351a00000,0x000000a351b00000)]
  0x0000028c65d73fa0 JavaThread "Signal Dispatcher" daemon [_thread_blocked, id=14416, stack(0x000000a351b00000,0x000000a351c00000)]
  0x0000028c65d74b60 JavaThread "Attach Listener" daemon [_thread_blocked, id=22676, stack(0x000000a351c00000,0x000000a351d00000)]
  0x0000028c65d75520 JavaThread "Service Thread" daemon [_thread_blocked, id=14140, stack(0x000000a351d00000,0x000000a351e00000)]
  0x0000028c65d76ef0 JavaThread "Monitor Deflation Thread" daemon [_thread_blocked, id=27156, stack(0x000000a351e00000,0x000000a351f00000)]
  0x0000028c65d77960 JavaThread "C1 CompilerThread0" daemon [_thread_blocked, id=26460, stack(0x000000a351f00000,0x000000a352000000)]
  0x0000028c65d78360 JavaThread "Sweeper thread" daemon [_thread_blocked, id=29440, stack(0x000000a352000000,0x000000a352100000)]
  0x0000028c68975ef0 JavaThread "Common-Cleaner" daemon [_thread_blocked, id=13240, stack(0x000000a352100000,0x000000a352200000)]
  0x0000028c688e0130 JavaThread "C1 CompilerThread1" daemon [_thread_blocked, id=18820, stack(0x000000a352200000,0x000000a352300000)]
  0x0000028c688e0650 JavaThread "C1 CompilerThread2" daemon [_thread_blocked, id=7840, stack(0x000000a352300000,0x000000a352400000)]
  0x0000028c6d4780c0 JavaThread "Monitor Ctrl-Break" daemon [_thread_in_native, id=29432, stack(0x000000a352400000,0x000000a352500000)]
  0x0000028c6d4785a0 JavaThread "Notification Thread" daemon [_thread_blocked, id=22468, stack(0x000000a352500000,0x000000a352600000)]
  0x0000028c6d55d450 JavaThread "RMI TCP Accept-0" daemon [_thread_in_native, id=4968, stack(0x000000a352600000,0x000000a352700000)]
  0x0000028c6ded73e0 JavaThread "Thread-0" [_thread_blocked, id=25188, stack(0x000000a353100000,0x000000a353200000)]
  0x0000028c6ded9ec0 JavaThread "restartedMain" [_thread_blocked, id=12068, stack(0x000000a353200000,0x000000a353300000)]
  0x0000028c6df81c30 JavaThread "RMI TCP Connection(1)-192.168.56.1" daemon [_thread_in_native, id=26872, stack(0x000000a353300000,0x000000a353400000)]
  0x0000028c6df76570 JavaThread "RMI Scheduler(0)" daemon [_thread_blocked, id=29452, stack(0x000000a353400000,0x000000a353500000)]
  0x0000028c6df717b0 JavaThread "C1 CompilerThread3" daemon [_thread_blocked, id=1904, stack(0x000000a353600000,0x000000a353700000)]
  0x0000028c6e33c050 JavaThread "Keep-Alive-Timer" daemon [_thread_blocked, id=18632, stack(0x000000a353800000,0x000000a353900000)]
  0x0000028c6f10c530 JavaThread "Catalina-utility-1" [_thread_blocked, id=132, stack(0x000000a353c00000,0x000000a353d00000)]
  0x0000028c6eb3cff0 JavaThread "Catalina-utility-2" [_thread_blocked, id=20056, stack(0x000000a353d00000,0x000000a353e00000)]
  0x0000028c68a7e540 JavaThread "container-0" [_thread_blocked, id=24032, stack(0x000000a353e00000,0x000000a353f00000)]
  0x0000028c6f16ad10 JavaThread "mysql-cj-abandoned-connection-cleanup" daemon [_thread_blocked, id=24912, stack(0x000000a353f00000,0x000000a354000000)]

Other Threads:
=>0x0000028c65d5d4b0 VMThread "VM Thread" [stack: 0x000000a351800000,0x000000a351900000] [id=13700]
  0x0000028c4c2c7e20 WatcherThread [stack: 0x000000a352700000,0x000000a352800000] [id=21456]
  0x0000028c4c321a80 GCTaskThread "GC Thread#0" [stack: 0x000000a351300000,0x000000a351400000] [id=29668]
  0x0000028c6d574340 GCTaskThread "GC Thread#1" [stack: 0x000000a352800000,0x000000a352900000] [id=6264]
  0x0000028c6d574600 GCTaskThread "GC Thread#2" [stack: 0x000000a352900000,0x000000a352a00000] [id=2828]
  0x0000028c6d5748c0 GCTaskThread "GC Thread#3" [stack: 0x000000a352a00000,0x000000a352b00000] [id=30688]
  0x0000028c6d5ad480 GCTaskThread "GC Thread#4" [stack: 0x000000a352b00000,0x000000a352c00000] [id=29308]
  0x0000028c6d5b21f0 GCTaskThread "GC Thread#5" [stack: 0x000000a352c00000,0x000000a352d00000] [id=28092]
  0x0000028c6d5b2930 GCTaskThread "GC Thread#6" [stack: 0x000000a352d00000,0x000000a352e00000] [id=10576]
  0x0000028c6d5b3070 GCTaskThread "GC Thread#7" [stack: 0x000000a352e00000,0x000000a352f00000] [id=27768]
  0x0000028c6d5b3330 GCTaskThread "GC Thread#8" [stack: 0x000000a352f00000,0x000000a353000000] [id=22476]
  0x0000028c6e040880 GCTaskThread "GC Thread#9" [stack: 0x000000a353500000,0x000000a353600000] [id=19848]
  0x0000028c4c34c4a0 ConcurrentGCThread "G1 Main Marker" [stack: 0x000000a351400000,0x000000a351500000] [id=27176]
  0x0000028c4c34eb20 ConcurrentGCThread "G1 Conc#0" [stack: 0x000000a351500000,0x000000a351600000] [id=26428]
  0x0000028c6e3a49e0 ConcurrentGCThread "G1 Conc#1" [stack: 0x000000a353a00000,0x000000a353b00000] [id=25680]
  0x0000028c6e3a41d0 ConcurrentGCThread "G1 Conc#2" [stack: 0x000000a353b00000,0x000000a353c00000] [id=18324]
  0x0000028c65c95120 ConcurrentGCThread "G1 Refine#0" [stack: 0x000000a351600000,0x000000a351700000] [id=8388]
  0x0000028c6d5f0d60 ConcurrentGCThread "G1 Refine#1" [stack: 0x000000a353000000,0x000000a353100000] [id=17972]
  0x0000028c6ea8d380 ConcurrentGCThread "G1 Refine#2" [stack: 0x000000a353900000,0x000000a353a00000] [id=29768]
  0x0000028c65c96a00 ConcurrentGCThread "G1 Service" [stack: 0x000000a351700000,0x000000a351800000] [id=28916]

Threads with active compile tasks:

VM state: at safepoint (normal execution)

VM Mutex/Monitor currently owned by a thread:  ([mutex/lock_event])
[0x0000028c4c2c46c0] Threads_lock - owner thread: 0x0000028c65d5d4b0
[0x0000028c4c2c4b40] Heap_lock - owner thread: 0x0000028c6ded9ec0

Heap address: 0x0000000682c00000, size: 6100 MB, Compressed Oops mode: Zero based, Oop shift amount: 3

CDS archive(s) mapped at: [0x0000028c00000000-0x0000028c00bb0000-0x0000028c00bb0000), size 12255232, SharedBaseAddress: 0x0000028c00000000, ArchiveRelocationMode: 1.
Compressed class space mapped at: 0x0000028c01000000-0x0000028c41000000, reserved size: 1073741824
Narrow klass base: 0x0000028c00000000, Narrow klass shift: 0, Narrow klass range: 0x100000000

GC Precious Log:
 CPUs: 12 total, 12 available
 Memory: 24394M
 Large Page Support: Disabled
 NUMA Support: Disabled
 Compressed Oops: Enabled (Zero based)
 Heap Region Size: 4M
 Heap Min Capacity: 8M
 Heap Initial Capacity: 384M
 Heap Max Capacity: 6100M
 Pre-touch: Disabled
 Parallel Workers: 10
 Concurrent Workers: 3
 Concurrent Refinement Workers: 10
 Periodic GC: Disabled

Heap:
 garbage-first heap   total 81920K, used 38136K [0x0000000682c00000, 0x0000000800000000)
  region size 4096K, 1 young (4096K), 1 survivors (4096K)
 Metaspace       used 40497K, committed 40960K, reserved 1114112K
  class space    used 5680K, committed 5888K, reserved 1048576K

Heap Regions: E=young(eden), S=young(survivor), O=old, HS=humongous(starts), HC=humongous(continues), CS=collection set, F=free, OA=open archive, CA=closed archive, TAMS=top-at-mark-start (previous, next)
|   0|0x0000000682c00000, 0x0000000683000000, 0x0000000683000000|100%| O|  |TAMS 0x0000000683000000, 0x0000000682c00000| Untracked 
|   1|0x0000000683000000, 0x0000000683400000, 0x0000000683400000|100%| O|  |TAMS 0x0000000683400000, 0x0000000683000000| Untracked 
|   2|0x0000000683400000, 0x0000000683800000, 0x0000000683800000|100%| O|  |TAMS 0x0000000683400000, 0x0000000683400000| Untracked 
|   3|0x0000000683800000, 0x0000000683c00000, 0x0000000683c00000|100%| O|  |TAMS 0x0000000683c00000, 0x0000000683800000| Untracked 
|   4|0x0000000683c00000, 0x0000000684000000, 0x0000000684000000|100%| O|  |TAMS 0x0000000683c00000, 0x0000000683c00000| Untracked 
|   5|0x0000000684000000, 0x0000000684400000, 0x0000000684400000|100%| O|  |TAMS 0x0000000684000000, 0x0000000684000000| Untracked 
|   6|0x0000000684400000, 0x0000000684764e00, 0x0000000684800000| 84%| O|  |TAMS 0x0000000684400000, 0x0000000684400000| Untracked 
|   7|0x0000000684800000, 0x0000000684c00000, 0x0000000684c00000|100%| O|  |TAMS 0x0000000684c00000, 0x0000000684800000| Untracked 
|   8|0x0000000684c00000, 0x0000000685000000, 0x0000000685000000|100%| O|  |TAMS 0x0000000684f39400, 0x0000000684c00000| Untracked 
|   9|0x0000000685000000, 0x0000000685000000, 0x0000000685400000|  0%| F|  |TAMS 0x0000000685000000, 0x0000000685000000| Untracked 
|  10|0x0000000685400000, 0x0000000685400000, 0x0000000685800000|  0%| F|  |TAMS 0x0000000685400000, 0x0000000685400000| Untracked 
|  11|0x0000000685800000, 0x0000000685800000, 0x0000000685c00000|  0%| F|  |TAMS 0x0000000685800000, 0x0000000685800000| Untracked 
|  12|0x0000000685c00000, 0x0000000685c00000, 0x0000000686000000|  0%| F|  |TAMS 0x0000000685c00000, 0x0000000685c00000| Untracked 
|  13|0x0000000686000000, 0x00000006861d94b0, 0x0000000686400000| 46%| S|CS|TAMS 0x0000000686000000, 0x0000000686000000| Complete 
|  14|0x0000000686400000, 0x0000000686400000, 0x0000000686800000|  0%| F|  |TAMS 0x0000000686400000, 0x0000000686400000| Untracked 
|  15|0x0000000686800000, 0x0000000686800000, 0x0000000686c00000|  0%| F|  |TAMS 0x0000000686800000, 0x0000000686800000| Untracked 
|  16|0x0000000686c00000, 0x0000000686c00000, 0x0000000687000000|  0%| F|  |TAMS 0x0000000686c00000, 0x0000000686c00000| Untracked 
|  78|0x0000000696400000, 0x0000000696400000, 0x0000000696800000|  0%| F|  |TAMS 0x0000000696400000, 0x0000000696400000| Untracked 
|  79|0x0000000696800000, 0x0000000696800000, 0x0000000696c00000|  0%| F|  |TAMS 0x0000000696800000, 0x0000000696800000| Untracked 
|  95|0x000000069a800000, 0x000000069a800000, 0x000000069ac00000|  0%| F|  |TAMS 0x000000069a800000, 0x000000069a800000| Untracked 

Card table byte_map: [0x0000028c58530000,0x0000028c59120000] _byte_map_base: 0x0000028c5511a000

Marking Bits (Prev, Next): (CMBitMap*) 0x0000028c4c321fb0, (CMBitMap*) 0x0000028c4c321ff0
 Prev Bits: [0x0000028c59d10000, 0x0000028c5fc60000)
 Next Bits: [0x0000028c5fc60000, 0x0000028c65bb0000)

Polling page: 0x0000028c4a9f0000

Metaspace:

Usage:
  Non-class:     34.00 MB used.
      Class:      5.55 MB used.
       Both:     39.55 MB used.

Virtual space:
  Non-class space:       64.00 MB reserved,      34.25 MB ( 54%) committed,  1 nodes.
      Class space:        1.00 GB reserved,       5.75 MB ( <1%) committed,  1 nodes.
             Both:        1.06 GB reserved,      40.00 MB (  4%) committed. 

Chunk freelists:
   Non-Class:  12.94 MB
       Class:  10.28 MB
        Both:  23.22 MB

MaxMetaspaceSize: unlimited
CompressedClassSpaceSize: 1.00 GB
Initial GC threshold: 21.00 MB
Current GC threshold: 59.19 MB
CDS: on
MetaspaceReclaimPolicy: balanced
 - commit_granule_bytes: 65536.
 - commit_granule_words: 8192.
 - virtual_space_node_default_size: 8388608.
 - enlarge_chunks_in_place: 1.
 - new_chunks_are_fully_committed: 0.
 - uncommit_free_chunks: 1.
 - use_allocation_guard: 0.
 - handle_deallocations: 1.


Internal statistics:

num_allocs_failed_limit: 8.
num_arena_births: 642.
num_arena_deaths: 0.
num_vsnodes_births: 2.
num_vsnodes_deaths: 0.
num_space_committed: 640.
num_space_uncommitted: 0.
num_chunks_returned_to_freelist: 8.
num_chunks_taken_from_freelist: 2108.
num_chunk_merges: 5.
num_chunk_splits: 1468.
num_chunks_enlarged: 1078.
num_inconsistent_stats: 0.

CodeCache: size=49152Kb used=10146Kb max_used=10146Kb free=39005Kb
 bounds [0x0000028c53ea0000, 0x0000028c54890000, 0x0000028c56ea0000]
 total_blobs=5145 nmethods=4596 adapters=473
 compilation: enabled
              stopped_count=0, restarted_count=0
 full_count=0

Compilation events (20 events):
Event: 5.801 Thread 0x0000028c65d77960 4587       1       java.util.Collections$EmptyEnumeration::hasMoreElements (2 bytes)
Event: 5.801 Thread 0x0000028c65d77960 nmethod 4587 0x0000028c54885390 code [0x0000028c54885520, 0x0000028c548855f8]
Event: 5.801 Thread 0x0000028c65d77960 4588       1       jdk.internal.loader.ClassLoaders::bootLoader (4 bytes)
Event: 5.801 Thread 0x0000028c65d77960 nmethod 4588 0x0000028c54885690 code [0x0000028c54885820, 0x0000028c548858d8]
Event: 5.801 Thread 0x0000028c65d77960 4589       1       java.util.zip.ZipFile$Source::getEntryPos (9 bytes)
Event: 5.802 Thread 0x0000028c65d77960 nmethod 4589 0x0000028c54885990 code [0x0000028c54885b20, 0x0000028c54885c18]
Event: 5.868 Thread 0x0000028c688e0650 4590       1       java.util.Formatter$FixedString::index (3 bytes)
Event: 5.868 Thread 0x0000028c688e0650 nmethod 4590 0x0000028c54885d10 code [0x0000028c54885ea0, 0x0000028c54885f78]
Event: 5.908 Thread 0x0000028c688e0130 4591       1       sun.security.provider.ByteArrayAccess::i2bBig4 (10 bytes)
Event: 5.908 Thread 0x0000028c688e0130 nmethod 4591 0x0000028c54886010 code [0x0000028c548861c0, 0x0000028c54886318]
Event: 5.910 Thread 0x0000028c688e0130 4592       1       java.lang.Math::min (12 bytes)
Event: 5.910 Thread 0x0000028c688e0130 nmethod 4592 0x0000028c54886490 code [0x0000028c54886620, 0x0000028c548866d8]
Event: 5.910 Thread 0x0000028c65d77960 4593       1       java.io.ObjectStreamField::getField (5 bytes)
Event: 5.910 Thread 0x0000028c65d77960 nmethod 4593 0x0000028c54886790 code [0x0000028c54886920, 0x0000028c548869f8]
Event: 5.912 Thread 0x0000028c65d77960 4594       1       java.io.ObjectOutputStream$BlockDataOutputStream::write (152 bytes)
Event: 5.912 Thread 0x0000028c688e0130 4595       1       java.io.ObjectStreamClass$FieldReflector::getObjFieldValues (96 bytes)
Event: 5.912 Thread 0x0000028c6df717b0 4596       1       java.io.ObjectStreamClass$FieldReflector::getPrimFieldValues (317 bytes)
Event: 5.912 Thread 0x0000028c688e0130 nmethod 4595 0x0000028c54886a90 code [0x0000028c54886c60, 0x0000028c54887098]
Event: 5.912 Thread 0x0000028c65d77960 nmethod 4594 0x0000028c54887310 code [0x0000028c54887500, 0x0000028c548878b8]
Event: 5.913 Thread 0x0000028c6df717b0 nmethod 4596 0x0000028c54887a90 code [0x0000028c54887ca0, 0x0000028c548882f8]

GC Heap History (20 events):
Event: 0.892 GC heap after
{Heap after GC invocations=2 (full 0):
 garbage-first heap   total 393216K, used 14545K [0x0000000682c00000, 0x0000000800000000)
  region size 4096K, 1 young (4096K), 1 survivors (4096K)
 Metaspace       used 6899K, committed 7104K, reserved 1114112K
  class space    used 831K, committed 896K, reserved 1048576K
}
Event: 1.357 GC heap before
{Heap before GC invocations=2 (full 0):
 garbage-first heap   total 393216K, used 47313K [0x0000000682c00000, 0x0000000800000000)
  region size 4096K, 9 young (36864K), 1 survivors (4096K)
 Metaspace       used 11023K, committed 11264K, reserved 1114112K
  class space    used 1412K, committed 1472K, reserved 1048576K
}
Event: 1.360 GC heap after
{Heap after GC invocations=3 (full 0):
 garbage-first heap   total 393216K, used 13884K [0x0000000682c00000, 0x0000000800000000)
  region size 4096K, 1 young (4096K), 1 survivors (4096K)
 Metaspace       used 11023K, committed 11264K, reserved 1114112K
  class space    used 1412K, committed 1472K, reserved 1048576K
}
Event: 2.484 GC heap before
{Heap before GC invocations=3 (full 0):
 garbage-first heap   total 393216K, used 71228K [0x0000000682c00000, 0x0000000800000000)
  region size 4096K, 16 young (65536K), 1 survivors (4096K)
 Metaspace       used 21219K, committed 21504K, reserved 1114112K
  class space    used 2822K, committed 2944K, reserved 1048576K
}
Event: 2.488 GC heap after
{Heap after GC invocations=4 (full 0):
 garbage-first heap   total 393216K, used 16844K [0x0000000682c00000, 0x0000000800000000)
  region size 4096K, 2 young (8192K), 2 survivors (8192K)
 Metaspace       used 21219K, committed 21504K, reserved 1114112K
  class space    used 2822K, committed 2944K, reserved 1048576K
}
Event: 3.261 GC heap before
{Heap before GC invocations=5 (full 0):
 garbage-first heap   total 81920K, used 57804K [0x0000000682c00000, 0x0000000800000000)
  region size 4096K, 13 young (53248K), 2 survivors (8192K)
 Metaspace       used 25331K, committed 25728K, reserved 1114112K
  class space    used 3387K, committed 3584K, reserved 1048576K
}
Event: 3.268 GC heap after
{Heap after GC invocations=6 (full 0):
 garbage-first heap   total 81920K, used 20329K [0x0000000682c00000, 0x0000000800000000)
  region size 4096K, 3 young (12288K), 3 survivors (12288K)
 Metaspace       used 25331K, committed 25728K, reserved 1114112K
  class space    used 3387K, committed 3584K, reserved 1048576K
}
Event: 3.326 GC heap before
{Heap before GC invocations=6 (full 0):
 garbage-first heap   total 81920K, used 24425K [0x0000000682c00000, 0x0000000800000000)
  region size 4096K, 4 young (16384K), 3 survivors (12288K)
 Metaspace       used 25558K, committed 25920K, reserved 1114112K
  class space    used 3420K, committed 3584K, reserved 1048576K
}
Event: 3.333 GC heap after
{Heap after GC invocations=7 (full 0):
 garbage-first heap   total 81920K, used 21308K [0x0000000682c00000, 0x0000000800000000)
  region size 4096K, 1 young (4096K), 1 survivors (4096K)
 Metaspace       used 25558K, committed 25920K, reserved 1114112K
  class space    used 3420K, committed 3584K, reserved 1048576K
}
Event: 3.943 GC heap before
{Heap before GC invocations=7 (full 0):
 garbage-first heap   total 81920K, used 54076K [0x0000000682c00000, 0x0000000800000000)
  region size 4096K, 9 young (36864K), 1 survivors (4096K)
 Metaspace       used 28106K, committed 28480K, reserved 1114112K
  class space    used 3775K, committed 3968K, reserved 1048576K
}
Event: 3.946 GC heap after
{Heap after GC invocations=8 (full 0):
 garbage-first heap   total 81920K, used 22159K [0x0000000682c00000, 0x0000000800000000)
  region size 4096K, 1 young (4096K), 1 survivors (4096K)
 Metaspace       used 28106K, committed 28480K, reserved 1114112K
  class space    used 3775K, committed 3968K, reserved 1048576K
}
Event: 4.674 GC heap before
{Heap before GC invocations=8 (full 0):
 garbage-first heap   total 81920K, used 54927K [0x0000000682c00000, 0x0000000800000000)
  region size 4096K, 9 young (36864K), 1 survivors (4096K)
 Metaspace       used 31326K, committed 31680K, reserved 1114112K
  class space    used 4367K, committed 4544K, reserved 1048576K
}
Event: 4.677 GC heap after
{Heap after GC invocations=9 (full 0):
 garbage-first heap   total 81920K, used 23759K [0x0000000682c00000, 0x0000000800000000)
  region size 4096K, 1 young (4096K), 1 survivors (4096K)
 Metaspace       used 31326K, committed 31680K, reserved 1114112K
  class space    used 4367K, committed 4544K, reserved 1048576K
}
Event: 5.288 GC heap before
{Heap before GC invocations=9 (full 0):
 garbage-first heap   total 81920K, used 60623K [0x0000000682c00000, 0x0000000800000000)
  region size 4096K, 10 young (40960K), 1 survivors (4096K)
 Metaspace       used 35685K, committed 36224K, reserved 1114112K
  class space    used 5006K, committed 5248K, reserved 1048576K
}
Event: 5.294 GC heap after
{Heap after GC invocations=10 (full 0):
 garbage-first heap   total 81920K, used 27301K [0x0000000682c00000, 0x0000000800000000)
  region size 4096K, 2 young (8192K), 2 survivors (8192K)
 Metaspace       used 35685K, committed 36224K, reserved 1114112K
  class space    used 5006K, committed 5248K, reserved 1048576K
}
Event: 5.363 GC heap before
{Heap before GC invocations=10 (full 0):
 garbage-first heap   total 81920K, used 47781K [0x0000000682c00000, 0x0000000800000000)
  region size 4096K, 9 young (36864K), 2 survivors (8192K)
 Metaspace       used 35825K, committed 36288K, reserved 1114112K
  class space    used 5022K, committed 5248K, reserved 1048576K
}
Event: 5.373 GC heap after
{Heap after GC invocations=11 (full 0):
 garbage-first heap   total 81920K, used 36205K [0x0000000682c00000, 0x0000000800000000)
  region size 4096K, 2 young (8192K), 2 survivors (8192K)
 Metaspace       used 35825K, committed 36288K, reserved 1114112K
  class space    used 5022K, committed 5248K, reserved 1048576K
}
Event: 5.647 GC heap before
{Heap before GC invocations=12 (full 0):
 garbage-first heap   total 81920K, used 52589K [0x0000000682c00000, 0x0000000800000000)
  region size 4096K, 7 young (28672K), 2 survivors (8192K)
 Metaspace       used 36987K, committed 37376K, reserved 1114112K
  class space    used 5185K, committed 5376K, reserved 1048576K
}
Event: 5.650 GC heap after
{Heap after GC invocations=13 (full 0):
 garbage-first heap   total 81920K, used 37715K [0x0000000682c00000, 0x0000000800000000)
  region size 4096K, 1 young (4096K), 1 survivors (4096K)
 Metaspace       used 36987K, committed 37376K, reserved 1114112K
  class space    used 5185K, committed 5376K, reserved 1048576K
}
Event: 6.007 GC heap before
{Heap before GC invocations=13 (full 0):
 garbage-first heap   total 81920K, used 58195K [0x0000000682c00000, 0x0000000800000000)
  region size 4096K, 6 young (24576K), 1 survivors (4096K)
 Metaspace       used 40497K, committed 40960K, reserved 1114112K
  class space    used 5680K, committed 5888K, reserved 1048576K
}

Dll operation events (13 events):
Event: 0.012 Loaded shared library C:\Users\fares\.jdks\corretto-17.0.10\bin\java.dll
Event: 0.030 Loaded shared library C:\Users\fares\.jdks\corretto-17.0.10\bin\jsvml.dll
Event: 0.207 Loaded shared library C:\Users\fares\.jdks\corretto-17.0.10\bin\zip.dll
Event: 0.210 Loaded shared library C:\Users\fares\.jdks\corretto-17.0.10\bin\instrument.dll
Event: 0.218 Loaded shared library C:\Users\fares\.jdks\corretto-17.0.10\bin\net.dll
Event: 0.220 Loaded shared library C:\Users\fares\.jdks\corretto-17.0.10\bin\nio.dll
Event: 0.226 Loaded shared library C:\Users\fares\.jdks\corretto-17.0.10\bin\zip.dll
Event: 0.359 Loaded shared library D:\JetBrains\IntelliJ IDEA 2023.2.2\bin\breakgen64.dll
Event: 0.363 Loaded shared library C:\Users\fares\.jdks\corretto-17.0.10\bin\jimage.dll
Event: 0.375 Loaded shared library C:\Users\fares\.jdks\corretto-17.0.10\bin\extnet.dll
Event: 0.384 Loaded shared library C:\Users\fares\.jdks\corretto-17.0.10\bin\management.dll
Event: 0.394 Loaded shared library C:\Users\fares\.jdks\corretto-17.0.10\bin\management_ext.dll
Event: 2.515 Loaded shared library C:\Users\fares\.jdks\corretto-17.0.10\bin\sunmscapi.dll

Deoptimization events (4 events):
Event: 1.808 Thread 0x0000028c6ded9ec0 DEOPT PACKING pc=0x0000028c5414102c sp=0x000000a3532fd4d0
Event: 1.808 Thread 0x0000028c6ded9ec0 DEOPT UNPACKING pc=0x0000028c53ef7143 sp=0x000000a3532fc998 mode 0
Event: 4.894 Thread 0x0000028c6ded9ec0 DEOPT PACKING pc=0x0000028c5472c46c sp=0x000000a3532fb4c0
Event: 4.894 Thread 0x0000028c6ded9ec0 DEOPT UNPACKING pc=0x0000028c53ef7143 sp=0x000000a3532fa978 mode 0

Classes unloaded (0 events):
No events

Classes redefined (0 events):
No events

Internal exceptions (20 events):
Event: 5.089 Thread 0x0000028c6ded9ec0 Exception <a 'java/lang/IncompatibleClassChangeError'{0x0000000686591bf8}: Found class java.lang.Object, but interface was expected> (0x0000000686591bf8) 
thrown [s\src\hotspot\share\interpreter\linkResolver.cpp, line 826]
Event: 5.091 Thread 0x0000028c6ded9ec0 Exception <a 'java/lang/NoSuchMethodError'{0x00000006865b5070}: 'void java.lang.invoke.DirectMethodHandle$Holder.invokeStatic(java.lang.Object, int, java.lang.Object)'> (0x00000006865b5070) 
thrown [s\src\hotspot\share\interpreter\linkResolver.cpp, line 759]
Event: 5.096 Thread 0x0000028c6ded9ec0 Exception <a 'java/lang/NoSuchMethodError'{0x00000006865f30b8}: 'void java.lang.invoke.DirectMethodHandle$Holder.invokeVirtual(java.lang.Object, java.lang.Object, int)'> (0x00000006865f30b8) 
thrown [s\src\hotspot\share\interpreter\linkResolver.cpp, line 759]
Event: 5.096 Thread 0x0000028c6ded9ec0 Exception <a 'java/lang/NoSuchMethodError'{0x00000006865f9300}: 'void java.lang.invoke.DirectMethodHandle$Holder.invokeStatic(java.lang.Object, java.lang.Object, java.lang.Object, int, java.lang.Object)'> (0x00000006865f9300) 
thrown [s\src\hotspot\share\interpreter\linkResolver.cpp, line 759]
Event: 5.097 Thread 0x0000028c6ded9ec0 Exception <a 'java/lang/NoSuchMethodError'{0x0000000686600780}: 'java.lang.Object java.lang.invoke.DirectMethodHandle$Holder.newInvokeSpecial(java.lang.Object, java.lang.Object, java.lang.Object, int)'> (0x0000000686600780) 
thrown [s\src\hotspot\share\interpreter\linkResolver.cpp, line 759]
Event: 5.097 Thread 0x0000028c6ded9ec0 Exception <a 'java/lang/NoSuchMethodError'{0x0000000686604a68}: 'java.lang.Object java.lang.invoke.DirectMethodHandle$Holder.invokeSpecial(java.lang.Object, java.lang.Object, java.lang.Object, java.lang.Object, int)'> (0x0000000686604a68) 
thrown [s\src\hotspot\share\interpreter\linkResolver.cpp, line 759]
Event: 5.097 Thread 0x0000028c6ded9ec0 Exception <a 'java/lang/NoSuchMethodError'{0x0000000686608630}: 'java.lang.Object java.lang.invoke.Invokers$Holder.linkToTargetMethod(java.lang.Object, java.lang.Object, int, java.lang.Object)'> (0x0000000686608630) 
thrown [s\src\hotspot\share\interpreter\linkResolver.cpp, line 759]
Event: 5.405 Thread 0x0000028c6df81c30 Exception <a 'java/lang/reflect/InvocationTargetException'{0x000000069a87c5b8}> (0x000000069a87c5b8) 
thrown [s\src\hotspot\share\runtime\reflection.cpp, line 1121]
Event: 5.458 Thread 0x0000028c6ded9ec0 Exception <a 'sun/nio/fs/WindowsException'{0x0000000696400408}> (0x0000000696400408) 
thrown [s\src\hotspot\share\prims\jni.cpp, line 516]
Event: 5.458 Thread 0x0000028c6ded9ec0 Exception <a 'sun/nio/fs/WindowsException'{0x0000000696405e18}> (0x0000000696405e18) 
thrown [s\src\hotspot\share\prims\jni.cpp, line 516]
Event: 5.458 Thread 0x0000028c6ded9ec0 Exception <a 'sun/nio/fs/WindowsException'{0x0000000696406108}> (0x0000000696406108) 
thrown [s\src\hotspot\share\prims\jni.cpp, line 516]
Event: 5.459 Thread 0x0000028c6ded9ec0 Exception <a 'sun/nio/fs/WindowsException'{0x0000000696407180}> (0x0000000696407180) 
thrown [s\src\hotspot\share\prims\jni.cpp, line 516]
Event: 5.459 Thread 0x0000028c6ded9ec0 Exception <a 'sun/nio/fs/WindowsException'{0x00000006964074d8}> (0x00000006964074d8) 
thrown [s\src\hotspot\share\prims\jni.cpp, line 516]
Event: 5.530 Thread 0x0000028c6ded9ec0 Exception <a 'java/io/FileNotFoundException'{0x00000006966d1cf8}> (0x00000006966d1cf8) 
thrown [s\src\hotspot\share\prims\jni.cpp, line 516]
Event: 5.566 Thread 0x0000028c6ded9ec0 Exception <a 'java/lang/NoSuchMethodError'{0x0000000686fa0970}: 'int java.lang.invoke.DirectMethodHandle$Holder.invokeInterface(java.lang.Object, java.lang.Object, java.lang.Object, java.lang.Object)'> (0x0000000686fa0970) 
thrown [s\src\hotspot\share\interpreter\linkResolver.cpp, line 759]
Event: 5.620 Thread 0x0000028c6ded9ec0 Exception <a 'java/lang/NoSuchMethodError'{0x0000000686a3ba58}: 'long java.lang.invoke.DirectMethodHandle$Holder.invokeVirtual(java.lang.Object, java.lang.Object)'> (0x0000000686a3ba58) 
thrown [s\src\hotspot\share\interpreter\linkResolver.cpp, line 759]
Event: 5.624 Thread 0x0000028c6ded9ec0 Exception <a 'java/io/FileNotFoundException'{0x0000000686a735c0}> (0x0000000686a735c0) 
thrown [s\src\hotspot\share\prims\jni.cpp, line 516]
Event: 5.732 Thread 0x0000028c6ded9ec0 Exception <a 'sun/nio/fs/WindowsException'{0x0000000696a337a8}> (0x0000000696a337a8) 
thrown [s\src\hotspot\share\prims\jni.cpp, line 516]
Event: 5.760 Thread 0x0000028c6ded9ec0 Exception <a 'java/lang/NoSuchMethodError'{0x0000000696406e98}: 'java.lang.Object java.lang.invoke.Invokers$Holder.invoke_MT(java.lang.Object, java.lang.Object, java.lang.Object)'> (0x0000000696406e98) 
thrown [s\src\hotspot\share\interpreter\linkResolver.cpp, line 759]
Event: 5.912 Thread 0x0000028c6df81c30 Exception <a 'java/lang/reflect/InvocationTargetException'{0x00000006869f6388}> (0x00000006869f6388) 
thrown [s\src\hotspot\share\runtime\reflection.cpp, line 1121]

VM Operations (20 events):
Event: 4.893 Executing VM operation: HandshakeAllThreads done
Event: 5.288 Executing VM operation: G1CollectForAllocation
Event: 5.294 Executing VM operation: G1CollectForAllocation done
Event: 5.363 Executing VM operation: CollectForMetadataAllocation
Event: 5.373 Executing VM operation: CollectForMetadataAllocation done
Event: 5.390 Executing VM operation: G1PauseRemark
Event: 5.392 Executing VM operation: G1PauseRemark done
Event: 5.400 Executing VM operation: G1PauseCleanup
Event: 5.400 Executing VM operation: G1PauseCleanup done
Event: 5.592 Executing VM operation: HandshakeAllThreads
Event: 5.592 Executing VM operation: HandshakeAllThreads done
Event: 5.592 Executing VM operation: HandshakeAllThreads
Event: 5.592 Executing VM operation: HandshakeAllThreads done
Event: 5.627 Executing VM operation: HandshakeAllThreads
Event: 5.627 Executing VM operation: HandshakeAllThreads done
Event: 5.647 Executing VM operation: G1CollectForAllocation
Event: 5.650 Executing VM operation: G1CollectForAllocation done
Event: 5.669 Executing VM operation: HandshakeAllThreads
Event: 5.669 Executing VM operation: HandshakeAllThreads done
Event: 6.007 Executing VM operation: G1CollectForAllocation

Events (20 events):
Event: 5.633 Thread 0x0000028c6f10c530 Thread added: 0x0000028c6f10c530
Event: 5.634 Thread 0x0000028c6eb3cff0 Thread added: 0x0000028c6eb3cff0
Event: 5.635 loading class java/lang/invoke/DirectMethodHandle$Special
Event: 5.635 loading class java/lang/invoke/DirectMethodHandle$Special done
Event: 5.635 loading class java/util/concurrent/locks/AbstractQueuedSynchronizer$ExclusiveNode
Event: 5.635 loading class java/util/concurrent/locks/AbstractQueuedSynchronizer$ExclusiveNode done
Event: 5.638 Thread 0x0000028c68a7e540 Thread added: 0x0000028c68a7e540
Event: 5.668 loading class java/util/concurrent/Executors$FinalizableDelegatedExecutorService
Event: 5.668 loading class java/util/concurrent/Executors$DelegatedExecutorService
Event: 5.668 loading class java/util/concurrent/Executors$DelegatedExecutorService done
Event: 5.668 loading class java/util/concurrent/Executors$FinalizableDelegatedExecutorService done
Event: 5.669 Thread 0x0000028c6f16ad10 Thread added: 0x0000028c6f16ad10
Event: 5.718 loading class javax/naming/Referenceable
Event: 5.718 loading class javax/naming/Referenceable done
Event: 5.740 loading class java/lang/instrument/ClassFileTransformer
Event: 5.740 loading class java/lang/instrument/ClassFileTransformer done
Event: 5.907 loading class java/util/UUID$Holder
Event: 5.907 loading class java/util/UUID$Holder done
Event: 5.908 Thread 0x0000028c6d6a7a90 Thread added: 0x0000028c6d6a7a90
Event: 5.913 Thread 0x0000028c6d6a7a90 Thread exited: 0x0000028c6d6a7a90


Dynamic libraries:
0x00007ff6fc300000 - 0x00007ff6fc30e000 	C:\Users\fares\.jdks\corretto-17.0.10\bin\java.exe
0x00007ffd98aa0000 - 0x00007ffd98d00000 	C:\WINDOWS\SYSTEM32\ntdll.dll
0x00007ffd68e40000 - 0x00007ffd68e5a000 	C:\Program Files\Avast Software\Avast\aswhook.dll
0x00007ffd97e10000 - 0x00007ffd97ed7000 	C:\WINDOWS\System32\KERNEL32.DLL
0x00007ffd962b0000 - 0x00007ffd9667a000 	C:\WINDOWS\System32\KERNELBASE.dll
0x00007ffd96160000 - 0x00007ffd962ab000 	C:\WINDOWS\System32\ucrtbase.dll
0x00007ffd78350000 - 0x00007ffd78367000 	C:\Users\fares\.jdks\corretto-17.0.10\bin\jli.dll
0x00007ffd78ee0000 - 0x00007ffd78efb000 	C:\Users\fares\.jdks\corretto-17.0.10\bin\VCRUNTIME140.dll
0x00007ffd968a0000 - 0x00007ffd96a6c000 	C:\WINDOWS\System32\USER32.dll
0x00007ffd7e0f0000 - 0x00007ffd7e387000 	C:\WINDOWS\WinSxS\amd64_microsoft.windows.common-controls_6595b64144ccf1df_6.0.26100.3624_none_3e086962e3345f24\COMCTL32.dll
0x00007ffd96130000 - 0x00007ffd96157000 	C:\WINDOWS\System32\win32u.dll
0x00007ffd97560000 - 0x00007ffd97609000 	C:\WINDOWS\System32\msvcrt.dll
0x00007ffd97af0000 - 0x00007ffd97b1a000 	C:\WINDOWS\System32\GDI32.dll
0x00007ffd95e90000 - 0x00007ffd95fc1000 	C:\WINDOWS\System32\gdi32full.dll
0x00007ffd96680000 - 0x00007ffd96723000 	C:\WINDOWS\System32\msvcp_win.dll
0x00007ffd97210000 - 0x00007ffd9723f000 	C:\WINDOWS\System32\IMM32.DLL
0x00007ffd79170000 - 0x00007ffd7917c000 	C:\Users\fares\.jdks\corretto-17.0.10\bin\vcruntime140_1.dll
0x00007ffd1eb30000 - 0x00007ffd1ebbd000 	C:\Users\fares\.jdks\corretto-17.0.10\bin\msvcp140.dll
0x00007ffce2be0000 - 0x00007ffce3842000 	C:\Users\fares\.jdks\corretto-17.0.10\bin\server\jvm.dll
0x00007ffd97d30000 - 0x00007ffd97de2000 	C:\WINDOWS\System32\ADVAPI32.dll
0x00007ffd98320000 - 0x00007ffd983c6000 	C:\WINDOWS\System32\sechost.dll
0x00007ffd97250000 - 0x00007ffd97366000 	C:\WINDOWS\System32\RPCRT4.dll
0x00007ffd8a500000 - 0x00007ffd8a50a000 	C:\WINDOWS\SYSTEM32\WSOCK32.dll
0x00007ffd7be60000 - 0x00007ffd7be96000 	C:\WINDOWS\SYSTEM32\WINMM.dll
0x00007ffd90300000 - 0x00007ffd9030b000 	C:\WINDOWS\SYSTEM32\VERSION.dll
0x00007ffd948c0000 - 0x00007ffd9491e000 	C:\WINDOWS\SYSTEM32\POWRPROF.dll
0x00007ffd97ee0000 - 0x00007ffd97f54000 	C:\WINDOWS\System32\WS2_32.dll
0x00007ffd948a0000 - 0x00007ffd948b4000 	C:\WINDOWS\SYSTEM32\UMPDC.dll
0x00007ffd94b80000 - 0x00007ffd94b9a000 	C:\WINDOWS\SYSTEM32\kernel.appcore.dll
0x00007ffd790c0000 - 0x00007ffd790ca000 	C:\Users\fares\.jdks\corretto-17.0.10\bin\jimage.dll
0x00007ffd8eb20000 - 0x00007ffd8ed61000 	C:\WINDOWS\SYSTEM32\DBGHELP.DLL
0x00007ffd985b0000 - 0x00007ffd98932000 	C:\WINDOWS\System32\combase.dll
0x00007ffd98190000 - 0x00007ffd98266000 	C:\WINDOWS\System32\OLEAUT32.dll
0x00007ffd8eaa0000 - 0x00007ffd8ead9000 	C:\WINDOWS\SYSTEM32\dbgcore.DLL
0x00007ffd95fd0000 - 0x00007ffd96069000 	C:\WINDOWS\System32\bcryptPrimitives.dll
0x00007ffd84140000 - 0x00007ffd8414e000 	C:\Users\fares\.jdks\corretto-17.0.10\bin\instrument.dll
0x00007ffd68ed0000 - 0x00007ffd68ef5000 	C:\Users\fares\.jdks\corretto-17.0.10\bin\java.dll
0x00007ffce6360000 - 0x00007ffce6437000 	C:\Users\fares\.jdks\corretto-17.0.10\bin\jsvml.dll
0x00007ffd96a70000 - 0x00007ffd97199000 	C:\WINDOWS\System32\SHELL32.dll
0x00007ffd96730000 - 0x00007ffd96898000 	C:\WINDOWS\System32\wintypes.dll
0x00007ffd93920000 - 0x00007ffd94172000 	C:\WINDOWS\SYSTEM32\windows.storage.dll
0x00007ffd98970000 - 0x00007ffd98a5d000 	C:\WINDOWS\System32\SHCORE.dll
0x00007ffd971a0000 - 0x00007ffd97204000 	C:\WINDOWS\System32\shlwapi.dll
0x00007ffd95b90000 - 0x00007ffd95bbf000 	C:\WINDOWS\SYSTEM32\profapi.dll
0x00007ffd6e380000 - 0x00007ffd6e398000 	C:\Users\fares\.jdks\corretto-17.0.10\bin\zip.dll
0x00007ffd78070000 - 0x00007ffd78089000 	C:\Users\fares\.jdks\corretto-17.0.10\bin\net.dll
0x00007ffd92010000 - 0x00007ffd9212d000 	C:\WINDOWS\SYSTEM32\WINHTTP.dll
0x00007ffd950d0000 - 0x00007ffd9513a000 	C:\WINDOWS\system32\mswsock.dll
0x00007ffd75c70000 - 0x00007ffd75c86000 	C:\Users\fares\.jdks\corretto-17.0.10\bin\nio.dll
0x00007ffd7d380000 - 0x00007ffd7d39a000 	D:\JetBrains\IntelliJ IDEA 2023.2.2\bin\breakgen64.dll
0x00007ffd94580000 - 0x00007ffd946a5000 	C:\WINDOWS\SYSTEM32\DNSAPI.dll
0x00007ffd944f0000 - 0x00007ffd94523000 	C:\WINDOWS\SYSTEM32\IPHLPAPI.DLL
0x00007ffd97f60000 - 0x00007ffd97f6a000 	C:\WINDOWS\System32\NSI.dll
0x00007ffd75e00000 - 0x00007ffd75e09000 	C:\Users\fares\.jdks\corretto-17.0.10\bin\extnet.dll
0x00007ffd8f0d0000 - 0x00007ffd8f0db000 	C:\Windows\System32\rasadhlp.dll
0x00007ffd903d0000 - 0x00007ffd90455000 	C:\WINDOWS\System32\fwpuclnt.dll
0x00007ffd840d0000 - 0x00007ffd840d9000 	C:\Users\fares\.jdks\corretto-17.0.10\bin\management.dll
0x00007ffd7d8c0000 - 0x00007ffd7d8cb000 	C:\Users\fares\.jdks\corretto-17.0.10\bin\management_ext.dll
0x00007ffd97ff0000 - 0x00007ffd97ff8000 	C:\WINDOWS\System32\PSAPI.DLL
0x00007ffd95380000 - 0x00007ffd9539c000 	C:\WINDOWS\SYSTEM32\CRYPTSP.dll
0x00007ffd94ae0000 - 0x00007ffd94b1a000 	C:\WINDOWS\system32\rsaenh.dll
0x00007ffd95170000 - 0x00007ffd9519b000 	C:\WINDOWS\SYSTEM32\USERENV.dll
0x00007ffd95b60000 - 0x00007ffd95b86000 	C:\WINDOWS\SYSTEM32\bcrypt.dll
0x00007ffd95370000 - 0x00007ffd9537c000 	C:\WINDOWS\SYSTEM32\CRYPTBASE.dll
0x00007ffd91fe0000 - 0x00007ffd91fff000 	C:\WINDOWS\SYSTEM32\dhcpcsvc6.DLL
0x00007ffd91fb0000 - 0x00007ffd91fd5000 	C:\WINDOWS\SYSTEM32\dhcpcsvc.DLL
0x00007ffd79b00000 - 0x00007ffd79b18000 	C:\WINDOWS\system32\napinsp.dll
0x00007ffd79ae0000 - 0x00007ffd79af2000 	C:\WINDOWS\System32\winrnr.dll
0x00007ffd79aa0000 - 0x00007ffd79ad0000 	C:\WINDOWS\system32\nlansp_c.dll
0x00007ffd79a80000 - 0x00007ffd79a96000 	C:\WINDOWS\system32\wshbth.dll
0x00007ffd84260000 - 0x00007ffd8426e000 	C:\Users\fares\.jdks\corretto-17.0.10\bin\sunmscapi.dll
0x00007ffd95d10000 - 0x00007ffd95e87000 	C:\WINDOWS\System32\CRYPT32.dll
0x00007ffd95570000 - 0x00007ffd955a0000 	C:\WINDOWS\SYSTEM32\ncrypt.dll
0x00007ffd95520000 - 0x00007ffd9555f000 	C:\WINDOWS\SYSTEM32\NTASN1.dll

dbghelp: loaded successfully - version: 4.0.5 - missing functions: none
symbol engine: initialized successfully - sym options: 0x614 - pdb path: .;C:\Users\fares\.jdks\corretto-17.0.10\bin;C:\WINDOWS\SYSTEM32;C:\Program Files\Avast Software\Avast;C:\WINDOWS\WinSxS\amd64_microsoft.windows.common-controls_6595b64144ccf1df_6.0.26100.3624_none_3e086962e3345f24;C:\Users\fares\.jdks\corretto-17.0.10\bin\server;D:\JetBrains\IntelliJ IDEA 2023.2.2\bin

VM Arguments:
jvm_args: -XX:TieredStopAtLevel=1 -Dspring.output.ansi.enabled=always -Dcom.sun.management.jmxremote -Dspring.jmx.enabled=true -Dspring.liveBeansView.mbeanDomain -Dspring.application.admin.enabled=true -Dmanagement.endpoints.jmx.exposure.include=* -javaagent:D:\JetBrains\IntelliJ IDEA 2023.2.2\lib\idea_rt.jar=64152:D:\JetBrains\IntelliJ IDEA 2023.2.2\bin -Dfile.encoding=UTF-8 
java_command: org.esprit.student.StudentApplication
java_class_path (initial): C:\Users\fares\Desktop\Praktika\BackEnd\Student\target\classes;C:\Users\fares\.m2\repository\org\jsoup\jsoup\1.15.3\jsoup-1.15.3.jar;C:\Users\fares\.m2\repository\org\springframework\boot\spring-boot-starter-thymeleaf\3.4.2\spring-boot-starter-thymeleaf-3.4.2.jar;C:\Users\fares\.m2\repository\org\springframework\boot\spring-boot-starter\3.4.2\spring-boot-starter-3.4.2.jar;C:\Users\fares\.m2\repository\org\springframework\boot\spring-boot-starter-logging\3.4.2\spring-boot-starter-logging-3.4.2.jar;C:\Users\fares\.m2\repository\ch\qos\logback\logback-classic\1.5.16\logback-classic-1.5.16.jar;C:\Users\fares\.m2\repository\ch\qos\logback\logback-core\1.5.16\logback-core-1.5.16.jar;C:\Users\fares\.m2\repository\org\apache\logging\log4j\log4j-to-slf4j\2.24.3\log4j-to-slf4j-2.24.3.jar;C:\Users\fares\.m2\repository\org\apache\logging\log4j\log4j-api\2.24.3\log4j-api-2.24.3.jar;C:\Users\fares\.m2\repository\org\slf4j\jul-to-slf4j\2.0.16\jul-to-slf4j-2.0.16.jar;C:\Users\fares\.m2\repository\jakarta\annotation\jakarta.annotation-api\2.1.1\jakarta.annotation-api-2.1.1.jar;C:\Users\fares\.m2\repository\org\yaml\snakeyaml\2.3\snakeyaml-2.3.jar;C:\Users\fares\.m2\repository\org\thymeleaf\thymeleaf-spring6\3.1.3.RELEASE\thymeleaf-spring6-3.1.3.RELEASE.jar;C:\Users\fares\.m2\repository\org\thymeleaf\thymeleaf\3.1.3.RELEASE\thymeleaf-3.1.3.RELEASE.jar;C:\Users\fares\.m2\repository\org\attoparser\attoparser\2.0.7.RELEASE\attoparser-2.0.7.RELEASE.jar;C:\Users\fares\.m2\repository\org\unbescape\unbescape\1.1.6.RELEASE\unbescape-1.1.6.RELEASE.jar;C:\Users\fares\.m2\repository\org\slf4j\slf4j-api\2.0.16\slf4j-api-2.0.16.jar;C:\Users\fares\.m2\repository\org\xhtmlrenderer\flying-saucer-pdf\9.1.22\flying-saucer-pdf-9.1.22.jar;C:\Users\fares\.m2\repository\com\lowagie\itext\2.1.7\itext-2.1.7.jar;C:\Users\fares\.m2\repository\org\bouncycastle\bcmail-jdk14\1.64\bcmail-jdk14-1.64.jar;C:\Users\fares\.m2\repository\org\bouncycastle\bcpkix-jdk14\1.64\bcpkix-jdk14-1.64.
Launcher Type: SUN_STANDARD

[Global flags]
     intx CICompilerCount                          = 4                                         {product} {ergonomic}
     uint ConcGCThreads                            = 3                                         {product} {ergonomic}
     uint G1ConcRefinementThreads                  = 10                                        {product} {ergonomic}
   size_t G1HeapRegionSize                         = 4194304                                   {product} {ergonomic}
    uintx GCDrainStackTargetSize                   = 64                                        {product} {ergonomic}
   size_t InitialHeapSize                          = 402653184                                 {product} {ergonomic}
     bool ManagementServer                         = true                                      {product} {command line}
   size_t MarkStackSize                            = 4194304                                   {product} {ergonomic}
   size_t MaxHeapSize                              = 6396313600                                {product} {ergonomic}
   size_t MaxNewSize                               = 3837788160                                {product} {ergonomic}
   size_t MinHeapDeltaBytes                        = 4194304                                   {product} {ergonomic}
   size_t MinHeapSize                              = 8388608                                   {product} {ergonomic}
    uintx NonProfiledCodeHeapSize                  = 0                                      {pd product} {ergonomic}
     bool ProfileInterpreter                       = false                                  {pd product} {command line}
    uintx ProfiledCodeHeapSize                     = 0                                      {pd product} {ergonomic}
   size_t SoftMaxHeapSize                          = 6396313600                             {manageable} {ergonomic}
     intx TieredStopAtLevel                        = 1                                         {product} {command line}
     bool UseCompressedClassPointers               = true                           {product lp64_product} {ergonomic}
     bool UseCompressedOops                        = true                           {product lp64_product} {ergonomic}
     bool UseG1GC                                  = true                                      {product} {ergonomic}
     bool UseLargePagesIndividualAllocation        = false                                  {pd product} {ergonomic}

Logging:
Log output configuration:
 #0: stdout all=warning uptime,level,tags
 #1: stderr all=off uptime,level,tags

Environment Variables:
PATH=C:\Users\fares\AppData\Roaming\npm;C:\Program Files\nodejs;C:\Program Files\Java\jdk-17\bin;C:\Program Files (x86)\Common Files\Oracle\Java\javapath;C:\Users\fares\Desktop\jdk-8u202-windows-x64.exe\bin;C:\Program Files\Common Files\Oracle\Java\javapath;C:\Program Files\Java\jdk1.8.0_202\bin;C:\oraclexe\app\oracle\product\11.2.0\server\bin;C:\Windows\system32;C:\Windows;C:\Windows\System32\Wbem;C:\Windows\System32\WindowsPowerShell\v1.0\;C:\Windows\System32\OpenSSH\;C:\Program Files\Microsoft VS Code\bin;C:\Program Files (x86)\NVIDIA Corporation\PhysX\Common;C:\Program Files\NVIDIA Corporation\NVIDIA NvDLISR;C:\xampp\php;C:\ProgramData\ComposerSetup\bin;C:\Program Files\Git\cmd;C:\Program Files\Microsoft SQL Server\150\Tools\Binn\;C:\Program Files\Microsoft SQL Server\Client SDK\ODBC\170\Tools\Binn\;C:\Program Files\dotnet\;C:\flutter_windows_3.24.3-stable\flutter\bin;C:\WINDOWS\system32;C:\WINDOWS;C:\WINDOWS\System32\Wbem;C:\WINDOWS\System32\WindowsPowerShell\v1.0\;C:\WINDOWS\System32\OpenSSH\;C:\Program Files (x86)\Microsoft SQL Server\160\Tools\Binn\;C:\Program Files\Microsoft SQL Server\160\Tools\Binn\;C:\Program Files\Microsoft SQL Server\160\DTS\Binn\;C:\Users\fares\scoop\shims;C:\Users\fares\AppData\Local\Microsoft\WindowsApps;C:\Users\fares\AppData\Local\Programs\Microsoft VS Code\bin;C:\Users\fares\AppData\Roaming\Composer\vendor\bin;C:\Users\fares\AppData\Local\GitHubDesktop\bin;C:\Users\fares\.dotnet\tools;
USERNAME=fares
OS=Windows_NT
PROCESSOR_IDENTIFIER=Intel64 Family 6 Model 165 Stepping 2, GenuineIntel
TMP=C:\Users\fares\AppData\Local\Temp
TEMP=C:\Users\fares\AppData\Local\Temp



Periodic native trim disabled


---------------  S Y S T E M  ---------------

OS:
 Windows 11 , 64 bit Build 26100 (10.0.26100.3775)
OS uptime: 2 days 4:04 hours
Hyper-V role detected

CPU: total 12 (initial active 12) (6 cores per cpu, 2 threads per core) family 6 model 165 stepping 2 microcode 0xe2, cx8, cmov, fxsr, ht, mmx, 3dnowpref, sse, sse2, sse3, ssse3, sse4.1, sse4.2, popcnt, lzcnt, tsc, tscinvbit, avx, avx2, aes, erms, clmul, bmi1, bmi2, adx, fma, vzeroupper, clflush, clflushopt, hv
Processor Information for all 12 processors :
  Max Mhz: 2496, Current Mhz: 2496, Mhz Limit: 2496

Memory: 4k page, system-wide physical 24394M (5167M free)
TotalPageFile size 26640M (AvailPageFile size 143M)
current process WorkingSet (physical memory assigned to process): 194M, peak: 194M
current process commit charge ("private bytes"): 240M, peak: 520M

vm_info: OpenJDK 64-Bit Server VM (17.0.10+7-LTS) for windows-amd64 JRE (17.0.10+7-LTS), built on Jan 10 2024 22:11:07 by "Administrator" with MS VC++ 16.10 / 16.11 (VS2019)

END.
